# JRE version: Java(TM) SE Runtime Environment (8.0_131-b11) (build 1.8.0_131-b11)
# Java VM: Java HotSpot(TM) 64-Bit Server VM (25.131-b11 mixed mode windows-amd64 compressed oops)
Heap:
 PSYoungGen      total 62976K, used 49724K [0x000000076af00000, 0x000000076f480000, 0x00000007c0000000)
  eden space 59392K, 83% used [0x000000076af00000,0x000000076df63398,0x000000076e900000)
  from space 3584K, 4% used [0x000000076ed80000,0x000000076edac010,0x000000076f100000)
  to   space 3584K, 0% used [0x000000076f100000,0x000000076f100000,0x000000076f480000)
 ParOldGen       total 175104K, used 1823K [0x00000006c0c00000, 0x00000006cb700000, 0x000000076af00000)
  object space 175104K, 1% used [0x00000006c0c00000,0x00000006c0dc7cf0,0x00000006cb700000)
 Metaspace       used 7561K, capacity 7768K, committed 8064K, reserved 1056768K
  class space    used 731K, capacity 797K, committed 896K, reserved 1048576K
GC Heap History (10 events):
Event: 6.085 GC heap before
{Heap before GC invocations=5 (full 0):
 PSYoungGen      total 76288K, used 67368K [0x000000076af00000, 0x0000000770400000, 0x00000007c0000000)
  eden space 65536K, 100% used [0x000000076af00000,0x000000076ef00000,0x000000076ef00000)
  from space 10752K, 17% used [0x000000076f980000,0x000000076fb4a060,0x0000000770400000)
  to   space 10752K, 0% used [0x000000076ef00000,0x000000076ef00000,0x000000076f980000)
 ParOldGen       total 175104K, used 40K [0x00000006c0c00000, 0x00000006cb700000, 0x000000076af00000)
  object space 175104K, 0% used [0x00000006c0c00000,0x00000006c0c0a000,0x00000006cb700000)
 Metaspace       used 7554K, capacity 7768K, committed 8064K, reserved 1056768K
  class space    used 731K, capacity 797K, committed 896K, reserved 1048576K
Event: 6.089 GC heap after
Heap after GC invocations=5 (full 0):
 PSYoungGen      total 66048K, used 1784K [0x000000076af00000, 0x000000076fa00000, 0x00000007c0000000)
  eden space 64000K, 0% used [0x000000076af00000,0x000000076af00000,0x000000076ed80000)
  from space 2048K, 87% used [0x000000076ef00000,0x000000076f0be050,0x000000076f100000)
  to   space 3072K, 0% used [0x000000076f700000,0x000000076f700000,0x000000076fa00000)
 ParOldGen       total 175104K, used 48K [0x00000006c0c00000, 0x00000006cb700000, 0x000000076af00000)
  object space 175104K, 0% used [0x00000006c0c00000,0x00000006c0c0c000,0x00000006cb700000)
 Metaspace       used 7554K, capacity 7768K, committed 8064K, reserved 1056768K
  class space    used 731K, capacity 797K, committed 896K, reserved 1048576K
}
Event: 7.221 GC heap before
{Heap before GC invocations=6 (full 0):
 PSYoungGen      total 66048K, used 65784K [0x000000076af00000, 0x000000076fa00000, 0x00000007c0000000)
  eden space 64000K, 100% used [0x000000076af00000,0x000000076ed80000,0x000000076ed80000)
  from space 2048K, 87% used [0x000000076ef00000,0x000000076f0be050,0x000000076f100000)
  to   space 3072K, 0% used [0x000000076f700000,0x000000076f700000,0x000000076fa00000)
 ParOldGen       total 175104K, used 48K [0x00000006c0c00000, 0x00000006cb700000, 0x000000076af00000)
  object space 175104K, 0% used [0x00000006c0c00000,0x00000006c0c0c000,0x00000006cb700000)
 Metaspace       used 7555K, capacity 7768K, committed 8064K, reserved 1056768K
  class space    used 731K, capacity 797K, committed 896K, reserved 1048576K
Event: 7.224 GC heap after
Heap after GC invocations=6 (full 0):
 PSYoungGen      total 64512K, used 1912K [0x000000076af00000, 0x000000076f900000, 0x00000007c0000000)
  eden space 62464K, 0% used [0x000000076af00000,0x000000076af00000,0x000000076ec00000)
  from space 2048K, 93% used [0x000000076f700000,0x000000076f8de050,0x000000076f900000)
  to   space 3072K, 0% used [0x000000076f300000,0x000000076f300000,0x000000076f600000)
 ParOldGen       total 175104K, used 56K [0x00000006c0c00000, 0x00000006cb700000, 0x000000076af00000)
  object space 175104K, 0% used [0x00000006c0c00000,0x00000006c0c0e000,0x00000006cb700000)
 Metaspace       used 7555K, capacity 7768K, committed 8064K, reserved 1056768K
  class space    used 731K, capacity 797K, committed 896K, reserved 1048576K
}
Event: 8.297 GC heap before
{Heap before GC invocations=7 (full 0):
 PSYoungGen      total 64512K, used 64376K [0x000000076af00000, 0x000000076f900000, 0x00000007c0000000)
  eden space 62464K, 100% used [0x000000076af00000,0x000000076ec00000,0x000000076ec00000)
  from space 2048K, 93% used [0x000000076f700000,0x000000076f8de050,0x000000076f900000)
  to   space 3072K, 0% used [0x000000076f300000,0x000000076f300000,0x000000076f600000)
 ParOldGen       total 175104K, used 56K [0x00000006c0c00000, 0x00000006cb700000, 0x000000076af00000)
  object space 175104K, 0% used [0x00000006c0c00000,0x00000006c0c0e000,0x00000006cb700000)
 Metaspace       used 7556K, capacity 7768K, committed 8064K, reserved 1056768K
  class space    used 731K, capacity 797K, committed 896K, reserved 1048576K
Event: 8.299 GC heap after
Heap after GC invocations=7 (full 0):
 PSYoungGen      total 61952K, used 368K [0x000000076af00000, 0x000000076f780000, 0x00000007c0000000)
  eden space 61440K, 0% used [0x000000076af00000,0x000000076af00000,0x000000076eb00000)
  from space 512K, 71% used [0x000000076f300000,0x000000076f35c010,0x000000076f380000)
  to   space 3584K, 0% used [0x000000076f400000,0x000000076f400000,0x000000076f780000)
 ParOldGen       total 175104K, used 1719K [0x00000006c0c00000, 0x00000006cb700000, 0x000000076af00000)
  object space 175104K, 0% used [0x00000006c0c00000,0x00000006c0dadcf0,0x00000006cb700000)
 Metaspace       used 7556K, capacity 7768K, committed 8064K, reserved 1056768K
  class space    used 731K, capacity 797K, committed 896K, reserved 1048576K
}
Event: 9.557 GC heap before
{Heap before GC invocations=8 (full 0):
 PSYoungGen      total 61952K, used 61808K [0x000000076af00000, 0x000000076f780000, 0x00000007c0000000)
  eden space 61440K, 100% used [0x000000076af00000,0x000000076eb00000,0x000000076eb00000)
  from space 512K, 71% used [0x000000076f300000,0x000000076f35c010,0x000000076f380000)
  to   space 3584K, 0% used [0x000000076f400000,0x000000076f400000,0x000000076f780000)
 ParOldGen       total 175104K, used 1719K [0x00000006c0c00000, 0x00000006cb700000, 0x000000076af00000)
  object space 175104K, 0% used [0x00000006c0c00000,0x00000006c0dadcf0,0x00000006cb700000)
 Metaspace       used 7556K, capacity 7768K, committed 8064K, reserved 1056768K
  class space    used 731K, capacity 797K, committed 896K, reserved 1048576K
Event: 9.557 GC heap after
Heap after GC invocations=8 (full 0):
 PSYoungGen      total 60928K, used 288K [0x000000076af00000, 0x000000076f480000, 0x00000007c0000000)
  eden space 60416K, 0% used [0x000000076af00000,0x000000076af00000,0x000000076ea00000)
  from space 512K, 56% used [0x000000076f400000,0x000000076f448000,0x000000076f480000)
  to   space 3584K, 0% used [0x000000076ed80000,0x000000076ed80000,0x000000076f100000)
 ParOldGen       total 175104K, used 1783K [0x00000006c0c00000, 0x00000006cb700000, 0x000000076af00000)
  object space 175104K, 1% used [0x00000006c0c00000,0x00000006c0dbdcf0,0x00000006cb700000)
 Metaspace       used 7556K, capacity 7768K, committed 8064K, reserved 1056768K
  class space    used 731K, capacity 797K, committed 896K, reserved 1048576K
}
Event: 10.716 GC heap before
{Heap before GC invocations=9 (full 0):
 PSYoungGen      total 60928K, used 60704K [0x000000076af00000, 0x000000076f480000, 0x00000007c0000000)
  eden space 60416K, 100% used [0x000000076af00000,0x000000076ea00000,0x000000076ea00000)
  from space 512K, 56% used [0x000000076f400000,0x000000076f448000,0x000000076f480000)
  to   space 3584K, 0% used [0x000000076ed80000,0x000000076ed80000,0x000000076f100000)
 ParOldGen       total 175104K, used 1783K [0x00000006c0c00000, 0x00000006cb700000, 0x000000076af00000)
  object space 175104K, 1% used [0x00000006c0c00000,0x00000006c0dbdcf0,0x00000006cb700000)
 Metaspace       used 7558K, capacity 7768K, committed 8064K, reserved 1056768K
  class space    used 731K, capacity 797K, committed 896K, reserved 1048576K
Event: 10.717 GC heap after
Heap after GC invocations=9 (full 0):
 PSYoungGen      total 62976K, used 176K [0x000000076af00000, 0x000000076f480000, 0x00000007c0000000)
  eden space 59392K, 0% used [0x000000076af00000,0x000000076af00000,0x000000076e900000)
  from space 3584K, 4% used [0x000000076ed80000,0x000000076edac010,0x000000076f100000)
  to   space 3584K, 0% used [0x000000076f100000,0x000000076f100000,0x000000076f480000)
 ParOldGen       total 175104K, used 1823K [0x00000006c0c00000, 0x00000006cb700000, 0x000000076af00000)
  object space 175104K, 1% used [0x00000006c0c00000,0x00000006c0dc7cf0,0x00000006cb700000)
 Metaspace       used 7558K, capacity 7768K, committed 8064K, reserved 1056768K
  class space    used 731K, capacity 797K, committed 896K, reserved 1048576K
}

