# JRE version: Java(TM) SE Runtime Environment (8.0_131-b11) (build 1.8.0_131-b11)
# Java VM: Java HotSpot(TM) 64-Bit Server VM (25.131-b11 mixed mode windows-amd64 compressed oops)
Heap:
 PSYoungGen      total 76288K, used 38246K [0x000000076af00000, 0x0000000770400000, 0x00000007c0000000)
  eden space 65536K, 58% used [0x000000076af00000,0x000000076d459b50,0x000000076ef00000)
  from space 10752K, 0% used [0x000000076ef00000,0x000000076ef00000,0x000000076f980000)
  to   space 10752K, 0% used [0x000000076f980000,0x000000076f980000,0x0000000770400000)
 ParOldGen       total 77312K, used 5205K [0x00000006c0c00000, 0x00000006c5780000, 0x000000076af00000)
  object space 77312K, 6% used [0x00000006c0c00000,0x00000006c1115798,0x00000006c5780000)
 Metaspace       used 24864K, capacity 25472K, committed 25600K, reserved 1071104K
  class space    used 3350K, capacity 3478K, committed 3584K, reserved 1048576K
GC Heap History (10 events):
Event: 61.861 GC heap before
{Heap before GC invocations=1 (full 0):
 PSYoungGen      total 76288K, used 65536K [0x000000076af00000, 0x0000000770400000, 0x00000007c0000000)
  eden space 65536K, 100% used [0x000000076af00000,0x000000076ef00000,0x000000076ef00000)
  from space 10752K, 0% used [0x000000076f980000,0x000000076f980000,0x0000000770400000)
  to   space 10752K, 0% used [0x000000076ef00000,0x000000076ef00000,0x000000076f980000)
 ParOldGen       total 175104K, used 0K [0x00000006c0c00000, 0x00000006cb700000, 0x000000076af00000)
  object space 175104K, 0% used [0x00000006c0c00000,0x00000006c0c00000,0x00000006cb700000)
 Metaspace       used 11114K, capacity 11502K, committed 11776K, reserved 1058816K
  class space    used 1383K, capacity 1489K, committed 1536K, reserved 1048576K
Event: 61.868 GC heap after
Heap after GC invocations=1 (full 0):
 PSYoungGen      total 76288K, used 7935K [0x000000076af00000, 0x0000000770400000, 0x00000007c0000000)
  eden space 65536K, 0% used [0x000000076af00000,0x000000076af00000,0x000000076ef00000)
  from space 10752K, 73% used [0x000000076ef00000,0x000000076f6bfd38,0x000000076f980000)
  to   space 10752K, 0% used [0x000000076f980000,0x000000076f980000,0x0000000770400000)
 ParOldGen       total 175104K, used 16K [0x00000006c0c00000, 0x00000006cb700000, 0x000000076af00000)
  object space 175104K, 0% used [0x00000006c0c00000,0x00000006c0c04000,0x00000006cb700000)
 Metaspace       used 11114K, capacity 11502K, committed 11776K, reserved 1058816K
  class space    used 1383K, capacity 1489K, committed 1536K, reserved 1048576K
}
Event: 64.132 GC heap before
{Heap before GC invocations=2 (full 0):
 PSYoungGen      total 76288K, used 71747K [0x000000076af00000, 0x0000000770400000, 0x00000007c0000000)
  eden space 65536K, 97% used [0x000000076af00000,0x000000076ed51080,0x000000076ef00000)
  from space 10752K, 73% used [0x000000076ef00000,0x000000076f6bfd38,0x000000076f980000)
  to   space 10752K, 0% used [0x000000076f980000,0x000000076f980000,0x0000000770400000)
 ParOldGen       total 175104K, used 16K [0x00000006c0c00000, 0x00000006cb700000, 0x000000076af00000)
  object space 175104K, 0% used [0x00000006c0c00000,0x00000006c0c04000,0x00000006cb700000)
 Metaspace       used 20678K, capacity 21080K, committed 21296K, reserved 1067008K
  class space    used 2816K, capacity 2914K, committed 2944K, reserved 1048576K
Event: 64.142 GC heap after
Heap after GC invocations=2 (full 0):
 PSYoungGen      total 76288K, used 10724K [0x000000076af00000, 0x0000000770400000, 0x00000007c0000000)
  eden space 65536K, 0% used [0x000000076af00000,0x000000076af00000,0x000000076ef00000)
  from space 10752K, 99% used [0x000000076f980000,0x00000007703f9220,0x0000000770400000)
  to   space 10752K, 0% used [0x000000076ef00000,0x000000076ef00000,0x000000076f980000)
 ParOldGen       total 175104K, used 768K [0x00000006c0c00000, 0x00000006cb700000, 0x000000076af00000)
  object space 175104K, 0% used [0x00000006c0c00000,0x00000006c0cc00e8,0x00000006cb700000)
 Metaspace       used 20678K, capacity 21080K, committed 21296K, reserved 1067008K
  class space    used 2816K, capacity 2914K, committed 2944K, reserved 1048576K
}
Event: 64.142 GC heap before
{Heap before GC invocations=3 (full 1):
 PSYoungGen      total 76288K, used 10724K [0x000000076af00000, 0x0000000770400000, 0x00000007c0000000)
  eden space 65536K, 0% used [0x000000076af00000,0x000000076af00000,0x000000076ef00000)
  from space 10752K, 99% used [0x000000076f980000,0x00000007703f9220,0x0000000770400000)
  to   space 10752K, 0% used [0x000000076ef00000,0x000000076ef00000,0x000000076f980000)
 ParOldGen       total 175104K, used 768K [0x00000006c0c00000, 0x00000006cb700000, 0x000000076af00000)
  object space 175104K, 0% used [0x00000006c0c00000,0x00000006c0cc00e8,0x00000006cb700000)
 Metaspace       used 20678K, capacity 21080K, committed 21296K, reserved 1067008K
  class space    used 2816K, capacity 2914K, committed 2944K, reserved 1048576K
Event: 64.167 GC heap after
Heap after GC invocations=3 (full 1):
 PSYoungGen      total 76288K, used 0K [0x000000076af00000, 0x0000000770400000, 0x00000007c0000000)
  eden space 65536K, 0% used [0x000000076af00000,0x000000076af00000,0x000000076ef00000)
  from space 10752K, 0% used [0x000000076f980000,0x000000076f980000,0x0000000770400000)
  to   space 10752K, 0% used [0x000000076ef00000,0x000000076ef00000,0x000000076f980000)
 ParOldGen       total 77312K, used 10839K [0x00000006c0c00000, 0x00000006c5780000, 0x000000076af00000)
  object space 77312K, 14% used [0x00000006c0c00000,0x00000006c1695cc0,0x00000006c5780000)
 Metaspace       used 20678K, capacity 21080K, committed 21296K, reserved 1067008K
  class space    used 2816K, capacity 2914K, committed 2944K, reserved 1048576K
}
Event: 64.252 GC heap before
{Heap before GC invocations=4 (full 1):
 PSYoungGen      total 76288K, used 7294K [0x000000076af00000, 0x0000000770400000, 0x00000007c0000000)
  eden space 65536K, 11% used [0x000000076af00000,0x000000076b61fab8,0x000000076ef00000)
  from space 10752K, 0% used [0x000000076f980000,0x000000076f980000,0x0000000770400000)
  to   space 10752K, 0% used [0x000000076ef00000,0x000000076ef00000,0x000000076f980000)
 ParOldGen       total 77312K, used 10839K [0x00000006c0c00000, 0x00000006c5780000, 0x000000076af00000)
  object space 77312K, 14% used [0x00000006c0c00000,0x00000006c1695cc0,0x00000006c5780000)
 Metaspace       used 21097K, capacity 21546K, committed 21760K, reserved 1069056K
  class space    used 2887K, capacity 2995K, committed 3072K, reserved 1048576K
Event: 64.254 GC heap after
Heap after GC invocations=4 (full 1):
 PSYoungGen      total 76288K, used 704K [0x000000076af00000, 0x0000000770400000, 0x00000007c0000000)
  eden space 65536K, 0% used [0x000000076af00000,0x000000076af00000,0x000000076ef00000)
  from space 10752K, 6% used [0x000000076ef00000,0x000000076efb0010,0x000000076f980000)
  to   space 10752K, 0% used [0x000000076f980000,0x000000076f980000,0x0000000770400000)
 ParOldGen       total 77312K, used 10839K [0x00000006c0c00000, 0x00000006c5780000, 0x000000076af00000)
  object space 77312K, 14% used [0x00000006c0c00000,0x00000006c1695cc0,0x00000006c5780000)
 Metaspace       used 21097K, capacity 21546K, committed 21760K, reserved 1069056K
  class space    used 2887K, capacity 2995K, committed 3072K, reserved 1048576K
}
Event: 64.254 GC heap before
{Heap before GC invocations=5 (full 2):
 PSYoungGen      total 76288K, used 704K [0x000000076af00000, 0x0000000770400000, 0x00000007c0000000)
  eden space 65536K, 0% used [0x000000076af00000,0x000000076af00000,0x000000076ef00000)
  from space 10752K, 6% used [0x000000076ef00000,0x000000076efb0010,0x000000076f980000)
  to   space 10752K, 0% used [0x000000076f980000,0x000000076f980000,0x0000000770400000)
 ParOldGen       total 77312K, used 10839K [0x00000006c0c00000, 0x00000006c5780000, 0x000000076af00000)
  object space 77312K, 14% used [0x00000006c0c00000,0x00000006c1695cc0,0x00000006c5780000)
 Metaspace       used 21097K, capacity 21546K, committed 21760K, reserved 1069056K
  class space    used 2887K, capacity 2995K, committed 3072K, reserved 1048576K
Event: 64.292 GC heap after
Heap after GC invocations=5 (full 2):
 PSYoungGen      total 76288K, used 0K [0x000000076af00000, 0x0000000770400000, 0x00000007c0000000)
  eden space 65536K, 0% used [0x000000076af00000,0x000000076af00000,0x000000076ef00000)
  from space 10752K, 0% used [0x000000076ef00000,0x000000076ef00000,0x000000076f980000)
  to   space 10752K, 0% used [0x000000076f980000,0x000000076f980000,0x0000000770400000)
 ParOldGen       total 77312K, used 5205K [0x00000006c0c00000, 0x00000006c5780000, 0x000000076af00000)
  object space 77312K, 6% used [0x00000006c0c00000,0x00000006c1115798,0x00000006c5780000)
 Metaspace       used 21097K, capacity 21546K, committed 21760K, reserved 1069056K
  class space    used 2887K, capacity 2995K, committed 3072K, reserved 1048576K
}

